

<!DOCTYPE html>
<html>
<head>
<meta charset="UTF-8">
<meta name="viewport" content="width=device-width, initial-scale=1, shrink-to-fit=no">
<title></title>
<link rel="apple-touch-icon" href="https://cdn.jsdelivr.net/gh/extent-framework/extent-github-cdn@b00a2d0486596e73dd7326beacf352c639623a0e/commons/img/logo.png">
<link rel="shortcut icon" href="https://cdn.jsdelivr.net/gh/extent-framework/extent-github-cdn@b00a2d0486596e73dd7326beacf352c639623a0e/commons/img/logo.png">
<link href="https://cdn.jsdelivr.net/gh/extent-framework/extent-github-cdn@d6562a79075e061305ccfdb82f01e5e195e2d307/spark/css/spark-style.css" rel="stylesheet" />
<link href="https://stackpath.bootstrapcdn.com/font-awesome/4.7.0/css/font-awesome.min.css" rel="stylesheet">
<script src="https://cdn.jsdelivr.net/gh/extent-framework/extent-github-cdn@7cc78ce/spark/js/jsontree.js"></script>
<style type="text/css"></style></head><body class="spa bdd-report standard">
  <div class="app">
    <div class="layout">
<div class="header navbar">
<div class="vheader">
<div class="nav-logo">
<a href="#">
<div class="logo" style="background-image: url('https://cdn.jsdelivr.net/gh/extent-framework/extent-github-cdn@b00a2d0486596e73dd7326beacf352c639623a0e/commons/img/logo.png')"></div>
</a>
</div>
<ul class="nav-left">
<li class="search-box">
<a class="search-toggle" href="#">
<i class="search-icon fa fa-search"></i>
<i class="search-icon-close fa fa-close"></i>
</a>
</li>
<li class="search-input"><input id="search-tests" class="form-control" type="text" placeholder="Search..."></li>
</ul>
<ul class="nav-right">
<li class="m-r-10">
<a href="#"><span class="badge badge-primary"></span></a>
</li>
<li class="m-r-10">
<a href="#"><span class="badge badge-primary">May 30, 2024 02:21:29 PM</span></a>
</li>
</ul>
</div>
</div><div class="side-nav">
<div class="side-nav-inner">
<ul class="side-nav-menu">
<li class="nav-item dropdown" onclick="toggleView('test-view')">
<a id="nav-test" class="dropdown-toggle" href="#">
<span class="ico"><i class="fa fa-list"></i></span>
</a>
</li>
<li class="nav-item dropdown" onclick="toggleView('exception-view')">
<a id="nav-exception" class="dropdown-toggle" href="#">
<span class="ico"><i class="fa fa-bug"></i></span>
</a>
</li>
<li class="nav-item dropdown" onclick="toggleView('dashboard-view')">
<a id="nav-dashboard" class="dropdown-toggle" href="#">
<span class="ico"><i class="fa fa-bar-chart"></i></span>
</a>
</li>
</ul>
</div>
</div>      <div class="vcontainer">
        <div class="main-content">
<div class="test-wrapper row view test-view">
  <div class="test-list">
    <div class="test-list-tools">
<ul class="tools pull-left">
<li><a href="#"><span class="font-size-14">Tests</span></a></li>
</ul>
<ul class="tools text-right">
<li class="dropdown">
<a href="#" class="dropdown-toggle" data-toggle="dropdown"><i class="fa fa-exclamation-circle"></i></a>
<ul id="status-toggle" class="dropdown-menu dropdown-md p-v-0">
<a class="dropdown-item" status="pass" href="#"><span>Pass</span><span class="status success"></span></a>
<a class="dropdown-item" status="fail" href="#"><span>Fail</span><span class="status danger"></span></a>
<div class="dropdown-divider"></div>
<a status="clear" class="dropdown-item" href="#"><span>Clear</span><span class="pull-right"><i class="fa fa-close"></i></span></a>
</ul>
</li>
</ul>
</div>    <div class="test-list-wrapper scrollable">
      <ul class="test-list-item">
        <li class="test-item"  status="pass" test-id="1"
          author=""
          tag=""
          device="">
          <div class="test-detail">
            <p class="name">Elements are Displayed</p>
            <p class="text-sm">
              <span>2:21:30 PM</span> / <span>00:00:13:368</span>
              <span class="badge pass-bg log float-right">Pass</span>
            </p>
          </div>
          <div class="test-contents d-none">
<div class="detail-head">
<div class="p-v-10">
<div class="info">
<h5 class="test-status text-pass">Elements are Displayed</h5>
<span class='badge badge-success'>05.30.2024 2:21:30 PM</span>
<span class='badge badge-danger'>05.30.2024 2:21:43 PM</span>
<span class='badge badge-default'>00:00:13:368</span>
&middot; <span class='uri-anchor badge badge-default'>#test-id=1</span>
<span class='badge badge-default pointer float-right ml-1 et'><i class="fa fa-chevron-down"></i></span>
<span class='badge badge-default pointer float-right ct'><i class="fa fa-chevron-up"></i></span>
</div>
<div class="m-t-10 m-l-5"></div>
</div>
</div>
<div class="accordion mt-4">
  <div class="card">
    <div class="card-header" role="tab">
      <div class="card-title">
        <div class="node" id="2"><span class="badge log pass-bg mr-2">Pass</span>The required elements are displayed</div>
      </div>
    </div>
        <div class="collapse">
          <div class="card-body">
              <div class="step pass-bg" title="stepDefinitions.GRP1_3_AG_StepDefinitions.navigateToOrangeHRMWebsite()">
                <span>Given Navigate to OrangeHRM website</span>
      <div>
      </div>
              </div>
              <div class="step pass-bg" title="stepDefinitions.GRP1_3_AG_StepDefinitions.enterUsernameAndPasswordAndClickLogin()">
                <span>When Enter username and password and click login</span>
      <div>
      </div>
              </div>
              <div class="step pass-bg" title="stepDefinitions.GRP1_3_AG_StepDefinitions.clickToAdminButtonAndClickToAddButton()">
                <span>And Click to Admin Button and click to Add Button</span>
      <div>
      </div>
              </div>
              <div class="step pass-bg" title="stepDefinitions.GRP1_3_AG_StepDefinitions.iVerifyThatAllTheRequiredElementsAreDisplayed()">
                <span>Then I verify that all the required elements are displayed</span>
      <div>
      </div>
              </div>
          </div>
        </div>
  </div>
</div>
          </div>
        </li>
        <li class="test-item"  status="pass" test-id="8"
          author=""
          tag=""
          device="">
          <div class="test-detail">
            <p class="name">Testing Orange HRM</p>
            <p class="text-sm">
              <span>2:21:43 PM</span> / <span>00:02:43:770</span>
              <span class="badge pass-bg log float-right">Pass</span>
            </p>
          </div>
          <div class="test-contents d-none">
<div class="detail-head">
<div class="p-v-10">
<div class="info">
<h5 class="test-status text-pass">Testing Orange HRM</h5>
<span class='badge badge-success'>05.30.2024 2:21:43 PM</span>
<span class='badge badge-danger'>05.30.2024 2:24:27 PM</span>
<span class='badge badge-default'>00:02:43:770</span>
&middot; <span class='uri-anchor badge badge-default'>#test-id=8</span>
<span class='badge badge-default pointer float-right ml-1 et'><i class="fa fa-chevron-down"></i></span>
<span class='badge badge-default pointer float-right ct'><i class="fa fa-chevron-up"></i></span>
</div>
<div class="m-t-10 m-l-5"></div>
</div>
</div>
<div class="accordion mt-4">
  <div class="card">
    <div class="card-header" role="tab">
      <div class="card-title">
        <div class="node" id="9"><span class="badge log pass-bg mr-2">Pass</span>Add User heading when an Admin is logining</div>
      </div>
    </div>
        <div class="collapse">
          <div class="card-body">
              <div class="step pass-bg" title="stepDefinitions.GRP1_6_TA_StepDefinitions.navigateToSite()">
                <span>Given Navigate to site</span>
      <div>
      </div>
              </div>
              <div class="step pass-bg" title="stepDefinitions.GRP1_6_TA_StepDefinitions.loginAsAdmin()">
                <span>Then Login as Admin</span>
      <div>
      </div>
              </div>
              <div class="step pass-bg" title="stepDefinitions.GRP1_6_TA_StepDefinitions.navigateToAdminPage()">
                <span>And Navigate to Admin page</span>
      <div>
      </div>
              </div>
              <div class="step pass-bg" title="stepDefinitions.GRP1_6_TA_StepDefinitions.clickAddButton()">
                <span>When Click Add button</span>
      <div>
      </div>
              </div>
              <div class="step pass-bg" title="stepDefinitions.GRP1_11_TA_StepDefinitions.verifyThatAddUserHeadingIsDisplayed()">
                <span>Then Verify that Add User heading is displayed</span>
      <div>
      </div>
              </div>
          </div>
        </div>
  </div>
  <div class="card">
    <div class="card-header" role="tab">
      <div class="card-title">
        <div class="node" id="77"><span class="badge log pass-bg mr-2">Pass</span>Verifying password</div>
      </div>
    </div>
        <div class="collapse">
          <div class="card-body">
              <div class="step pass-bg" title="stepDefinitions.GRP1_6_TA_StepDefinitions.navigateToSite()">
                <span>Given Navigate to site</span>
      <div>
      </div>
              </div>
              <div class="step pass-bg" title="stepDefinitions.GRP1_6_TA_StepDefinitions.loginAsAdmin()">
                <span>Then Login as Admin</span>
      <div>
      </div>
              </div>
              <div class="step pass-bg" title="stepDefinitions.GRP1_6_TA_StepDefinitions.navigateToAdminPage()">
                <span>And Navigate to Admin page</span>
      <div>
      </div>
              </div>
              <div class="step pass-bg" title="stepDefinitions.GRP1_6_TA_StepDefinitions.clickAddButton()">
                <span>And Click Add button</span>
      <div>
      </div>
              </div>
              <div class="step pass-bg" title="stepDefinitions.GRP1_7_TA_StepDefinitions.enterAValueInToTheUsernameFieldWhichIsLessThanCharacters(int)">
                <span>When Enter a value in to the username field which is less than 5 characters</span>
      <div>
      </div>
              </div>
              <div class="step pass-bg" title="stepDefinitions.GRP1_7_TA_StepDefinitions.verifyThatNotificationMessagesShouldBeAtLeastFiveCharactersInRedColorDisplayed()">
                <span>Then Verify that notification messages “Should be at least five characters” in red color displayed.</span>
      <div>
      </div>
              </div>
          </div>
        </div>
  </div>
</div>
          </div>
        </li>
        <li class="test-item"  status="pass" test-id="16"
          author=""
          tag=""
          device="">
          <div class="test-detail">
            <p class="name">Password Functionality</p>
            <p class="text-sm">
              <span>2:21:56 PM</span> / <span>00:00:14:455</span>
              <span class="badge pass-bg log float-right">Pass</span>
            </p>
          </div>
          <div class="test-contents d-none">
<div class="detail-head">
<div class="p-v-10">
<div class="info">
<h5 class="test-status text-pass">Password Functionality</h5>
<span class='badge badge-success'>05.30.2024 2:21:56 PM</span>
<span class='badge badge-danger'>05.30.2024 2:22:11 PM</span>
<span class='badge badge-default'>00:00:14:455</span>
&middot; <span class='uri-anchor badge badge-default'>#test-id=16</span>
<span class='badge badge-default pointer float-right ml-1 et'><i class="fa fa-chevron-down"></i></span>
<span class='badge badge-default pointer float-right ct'><i class="fa fa-chevron-up"></i></span>
</div>
<div class="m-t-10 m-l-5"></div>
</div>
</div>
<div class="accordion mt-4">
  <div class="card">
    <div class="card-header" role="tab">
      <div class="card-title">
        <div class="node" id="17"><span class="badge log pass-bg mr-2">Pass</span>Password control and notification messages</div>
      </div>
    </div>
        <div class="collapse">
          <div class="card-body">
              <div class="step pass-bg" title="stepDefinitions.GRP1_5_12_HG_StepDefinitions.navigateToOrangeHRM()">
                <span>Given Navigate to OrangeHRM</span>
      <div>
      </div>
              </div>
              <div class="step pass-bg" title="stepDefinitions.GRP1_5_12_HG_StepDefinitions.enterUsernameAndPasswordAndClickLoginButton()">
                <span>When Enter username and password and click login button</span>
      <div>
      </div>
              </div>
              <div class="step pass-bg" title="stepDefinitions.GRP1_5_12_HG_StepDefinitions.clickToAdminAndClickToAddButton()">
                <span>And Click to admin and click to add button</span>
      <div>
      </div>
              </div>
              <div class="step pass-bg" title="stepDefinitions.GRP1_5_12_HG_StepDefinitions.enterLessCharactersThanNecessaryAndClickTheSaveButton()">
                <span>And Enter less characters than necessary and click the save button</span>
      <div>
      </div>
              </div>
              <div class="step pass-bg" title="stepDefinitions.GRP1_5_12_HG_StepDefinitions.theMessageShouldHaveAtLeastSevenCharactersShouldBeDisplayedInRed()">
                <span>Then The message should have at least seven characters should be displayed in red.</span>
      <div>
      </div>
              </div>
          </div>
        </div>
  </div>
</div>
          </div>
        </li>
        <li class="test-item"  status="fail" test-id="24"
          author=""
          tag=""
          device="">
          <div class="test-detail">
            <p class="name">Login Functionality</p>
            <p class="text-sm">
              <span>2:22:11 PM</span> / <span>00:02:59:285</span>
              <span class="badge fail-bg log float-right">Fail</span>
            </p>
          </div>
          <div class="test-contents d-none">
<div class="detail-head">
<div class="p-v-10">
<div class="info">
<h5 class="test-status text-fail">Login Functionality</h5>
<span class='badge badge-success'>05.30.2024 2:22:11 PM</span>
<span class='badge badge-danger'>05.30.2024 2:25:10 PM</span>
<span class='badge badge-default'>00:02:59:285</span>
&middot; <span class='uri-anchor badge badge-default'>#test-id=24</span>
<span class='badge badge-default pointer float-right ml-1 et'><i class="fa fa-chevron-down"></i></span>
<span class='badge badge-default pointer float-right ct'><i class="fa fa-chevron-up"></i></span>
</div>
<div class="m-t-10 m-l-5"></div>
</div>
</div>
<div class="accordion mt-4">
  <div class="card">
    <div class="card-header" role="tab">
      <div class="card-title">
        <div class="node" id="25"><span class="badge log fail-bg mr-2">Fail</span>As an Admin user I should be able to see notification messages displayed, when I enter a value in to the Password field</div>
          <div class="status-avatar float-right mr-4">
            <i class="fa fa-paperclip"></i>
          </div>
      </div>
    </div>
        <div class="scenario_outline ">
            <div class="card-body l1">
              <div class="card-header">
                <div class="card-title outline-child">
                  <div class="node" id="26"><span class="badge log fail-bg mr-2">Fail</span>As an Admin user I should be able to see notification messages displayed, when I enter a value in to the Password field</div>
                    <div class="status-avatar float-right">
                      <i class="fa fa-paperclip"></i>
                    </div>
                </div>
              </div>
              <div class="card-body mt-3 ">
                  <div class="step pass-bg">
                    <span>Given Navigate to OrangeHRM</span>
      <div>
      </div>
                  </div>
                  <div class="step pass-bg">
                    <span>Then Enter username and password and click login button</span>
      <div>
      </div>
                  </div>
                  <div class="step pass-bg">
                    <span>And Click on the element in LeftNav</span>
      <div><table class='markup-table table '><tr><td>Admin</td></tr></table>
      </div>
      <div>
      </div>
                  </div>
                  <div class="step pass-bg">
                    <span>Then Click on the element in Dialog</span>
      <div><table class='markup-table table '><tr><td>UserManagment</td></tr><tr><td>addButton</td></tr></table>
      </div>
      <div>
      </div>
                  </div>
                  <div class="step pass-bg">
                    <span>When User sending the keys in Dialog Content</span>
      <div><table class='markup-table table '><tr><td>userPassword</td><td><DEMOCODE*9></td></tr></table>
      </div>
      <div>
      </div>
                  </div>
                  <div class="step fail-bg">
                    <span>Then Notification messages “... password must contain a lower-case letter ... ” should be displayed.</span>
      <div>
        <textarea disabled class="code-block">org.openqa.selenium.TimeoutException: Expected condition failed: waiting for text ('must contain a lower-case letter') to be present in element Proxy element for: DefaultElementLocator 'By.xpath: //span[text()='Your password must contain a lower-case letter, an upper-case letter, a digit and a special character. Try a different password']' (tried for 30 second(s) with 500 milliseconds interval)
	at org.openqa.selenium.support.ui.WebDriverWait.timeoutException(WebDriverWait.java:84)
	at org.openqa.selenium.support.ui.FluentWait.until(FluentWait.java:228)
	at pages.Parent.verifyContainsTextFunction(Parent.java:32)
	at stepDefinitions.GRP1_13_ZY_StepDefinitions.notificationMessagesPasswordMustContainALowerCaseLetterShouldBeDisplayed(GRP1_13_ZY_StepDefinitions.java:14)
	at ✽.Notification messages “... password must contain a lower-case letter ... ” should be displayed.(file:///C:/Users/cihat/IdeaProjects/OrangeHRMTest_Team1/src/test/java/featureFiles/GRP1-13-ZY.feature:16)
Caused by: org.openqa.selenium.NoSuchElementException: no such element: Unable to locate element: {"method":"xpath","selector":"//span[text()='Your password must contain a lower-case letter, an upper-case letter, a digit and a special character. Try a different password']"}
  (Session info: chrome=125.0.6422.78)
For documentation on this error, please visit: https://www.selenium.dev/documentation/webdriver/troubleshooting/errors#no-such-element-exception
Build info: version: '4.18.1', revision: 'b1d3319b48'
System info: os.name: 'Windows 11', os.arch: 'amd64', os.version: '10.0', java.version: '21.0.2'
Driver info: org.openqa.selenium.chrome.ChromeDriver
Command: [80a1e8d4ec7415a48568ca8d41e08ffe, findElement {value=//span[text()='Your password must contain a lower-case letter, an upper-case letter, a digit and a special character. Try a different password'], using=xpath}]
Capabilities {acceptInsecureCerts: false, browserName: chrome, browserVersion: 125.0.6422.78, chrome: {chromedriverVersion: 125.0.6422.78 (14db42ec38ad..., userDataDir: C:\Users\cihat\AppData\Loca...}, fedcm:accounts: true, goog:chromeOptions: {debuggerAddress: localhost:57742}, networkConnectionEnabled: false, pageLoadStrategy: normal, platformName: windows, proxy: Proxy(), se:cdp: ws://localhost:57742/devtoo..., se:cdpVersion: 125.0.6422.78, setWindowRect: true, strictFileInteractability: false, timeouts: {implicit: 0, pageLoad: 300000, script: 30000}, unhandledPromptBehavior: dismiss and notify, webauthn:extension:credBlob: true, webauthn:extension:largeBlob: true, webauthn:extension:minPinLength: true, webauthn:extension:prf: true, webauthn:virtualAuthenticators: true}
Session ID: 80a1e8d4ec7415a48568ca8d41e08ffe
	at java.base/jdk.internal.reflect.DirectConstructorHandleAccessor.newInstance(DirectConstructorHandleAccessor.java:62)
	at java.base/java.lang.reflect.Constructor.newInstanceWithCaller(Constructor.java:502)
	at java.base/java.lang.reflect.Constructor.newInstance(Constructor.java:486)
	at org.openqa.selenium.remote.ErrorCodec.decode(ErrorCodec.java:167)
	at org.openqa.selenium.remote.codec.w3c.W3CHttpResponseCodec.decode(W3CHttpResponseCodec.java:138)
	at org.openqa.selenium.remote.codec.w3c.W3CHttpResponseCodec.decode(W3CHttpResponseCodec.java:50)
	at org.openqa.selenium.remote.HttpCommandExecutor.execute(HttpCommandExecutor.java:190)
	at org.openqa.selenium.remote.service.DriverCommandExecutor.invokeExecute(DriverCommandExecutor.java:216)
	at org.openqa.selenium.remote.service.DriverCommandExecutor.execute(DriverCommandExecutor.java:174)
	at org.openqa.selenium.remote.RemoteWebDriver.execute(RemoteWebDriver.java:519)
	at org.openqa.selenium.remote.ElementLocation$ElementFinder$2.findElement(ElementLocation.java:165)
	at org.openqa.selenium.remote.ElementLocation.findElement(ElementLocation.java:59)
	at org.openqa.selenium.remote.RemoteWebDriver.findElement(RemoteWebDriver.java:356)
	at org.openqa.selenium.remote.RemoteWebDriver.findElement(RemoteWebDriver.java:350)
	at org.openqa.selenium.support.pagefactory.DefaultElementLocator.findElement(DefaultElementLocator.java:68)
	at org.openqa.selenium.support.pagefactory.internal.LocatingElementHandler.invoke(LocatingElementHandler.java:38)
	at jdk.proxy2/jdk.proxy2.$Proxy24.getText(Unknown Source)
	at org.openqa.selenium.support.ui.ExpectedConditions$12.apply(ExpectedConditions.java:343)
	at org.openqa.selenium.support.ui.ExpectedConditions$12.apply(ExpectedConditions.java:339)
	at org.openqa.selenium.support.ui.FluentWait.until(FluentWait.java:203)
	at pages.Parent.verifyContainsTextFunction(Parent.java:32)
	at stepDefinitions.GRP1_13_ZY_StepDefinitions.notificationMessagesPasswordMustContainALowerCaseLetterShouldBeDisplayed(GRP1_13_ZY_StepDefinitions.java:14)
	at java.base/jdk.internal.reflect.DirectMethodHandleAccessor.invoke(DirectMethodHandleAccessor.java:103)
	at java.base/java.lang.reflect.Method.invoke(Method.java:580)
	at io.cucumber.java.Invoker.doInvoke(Invoker.java:66)
	at io.cucumber.java.Invoker.invoke(Invoker.java:24)
	at io.cucumber.java.AbstractGlueDefinition.invokeMethod(AbstractGlueDefinition.java:47)
	at io.cucumber.java.JavaStepDefinition.execute(JavaStepDefinition.java:29)
	at io.cucumber.core.runner.CoreStepDefinition.execute(CoreStepDefinition.java:66)
	at io.cucumber.core.runner.PickleStepDefinitionMatch.runStep(PickleStepDefinitionMatch.java:63)
	at io.cucumber.core.runner.ExecutionMode$1.execute(ExecutionMode.java:10)
	at io.cucumber.core.runner.TestStep.executeStep(TestStep.java:85)
	at io.cucumber.core.runner.TestStep.run(TestStep.java:57)
	at io.cucumber.core.runner.PickleStepTestStep.run(PickleStepTestStep.java:51)
	at io.cucumber.core.runner.TestCase.run(TestCase.java:84)
	at io.cucumber.core.runner.Runner.runPickle(Runner.java:75)
	at io.cucumber.testng.TestNGCucumberRunner.lambda$runScenario$1(TestNGCucumberRunner.java:132)
	at io.cucumber.core.runtime.CucumberExecutionContext.lambda$runTestCase$5(CucumberExecutionContext.java:129)
	at io.cucumber.core.runtime.RethrowingThrowableCollector.executeAndThrow(RethrowingThrowableCollector.java:23)
	at io.cucumber.core.runtime.CucumberExecutionContext.runTestCase(CucumberExecutionContext.java:129)
	at io.cucumber.testng.TestNGCucumberRunner.runScenario(TestNGCucumberRunner.java:129)
	at io.cucumber.testng.AbstractTestNGCucumberTests.runScenario(AbstractTestNGCucumberTests.java:35)
	at java.base/jdk.internal.reflect.DirectMethodHandleAccessor.invoke(DirectMethodHandleAccessor.java:103)
	at java.base/java.lang.reflect.Method.invoke(Method.java:580)
	at org.testng.internal.invokers.MethodInvocationHelper.invokeMethod(MethodInvocationHelper.java:136)
	at org.testng.internal.invokers.TestInvoker.invokeMethod(TestInvoker.java:658)
	at org.testng.internal.invokers.TestInvoker.invokeTestMethod(TestInvoker.java:219)
	at org.testng.internal.invokers.MethodRunner.runInSequence(MethodRunner.java:50)
	at org.testng.internal.invokers.TestInvoker$MethodInvocationAgent.invoke(TestInvoker.java:923)
	at org.testng.internal.invokers.TestInvoker.invokeTestMethods(TestInvoker.java:192)
	at org.testng.internal.invokers.TestMethodWorker.invokeTestMethods(TestMethodWorker.java:146)
	at org.testng.internal.invokers.TestMethodWorker.run(TestMethodWorker.java:128)
	at java.base/java.util.ArrayList.forEach(ArrayList.java:1596)
	at org.testng.TestRunner.privateRun(TestRunner.java:808)
	at org.testng.TestRunner.run(TestRunner.java:603)
	at org.testng.SuiteRunner.runTest(SuiteRunner.java:429)
	at org.testng.SuiteRunner.runSequentially(SuiteRunner.java:423)
	at org.testng.SuiteRunner.privateRun(SuiteRunner.java:383)
	at org.testng.SuiteRunner.run(SuiteRunner.java:326)
	at org.testng.SuiteRunnerWorker.runSuite(SuiteRunnerWorker.java:52)
	at org.testng.SuiteRunnerWorker.run(SuiteRunnerWorker.java:95)
	at org.testng.TestNG.runSuitesSequentially(TestNG.java:1249)
	at org.testng.TestNG.runSuitesLocally(TestNG.java:1169)
	at org.testng.TestNG.runSuites(TestNG.java:1092)
	at org.testng.TestNG.run(TestNG.java:1060)
	at com.intellij.rt.testng.IDEARemoteTestNG.run(IDEARemoteTestNG.java:65)
	at com.intellij.rt.testng.RemoteTestNGStarter.main(RemoteTestNGStarter.java:105)
</textarea>
      
      </div>
                  </div>
                  <div class="step pass-bg">
                    <span>stepDefinitions.Hooks.after(io.cucumber.java.Scenario)</span>
      <div>screen shot
          <div class="row mb-3"><div class="col-md-3">
<img data-featherlight='../screenshots/embedded1.png' src="../screenshots/embedded1.png">
    
    </div></div>
</div>
      <div>
      </div>
                  </div>
              </div>
            </div>
        </div>
  </div>
  <div class="card">
    <div class="card-header" role="tab">
      <div class="card-title">
        <div class="node" id="85"><span class="badge log fail-bg mr-2">Fail</span>As an Admin user I should be able to see notification messages displayed, when I enter a value in to the username field</div>
          <div class="status-avatar float-right mr-4">
            <i class="fa fa-paperclip"></i>
          </div>
      </div>
    </div>
        <div class="scenario_outline ">
            <div class="card-body l1">
              <div class="card-header">
                <div class="card-title outline-child">
                  <div class="node" id="86"><span class="badge log fail-bg mr-2">Fail</span>As an Admin user I should be able to see notification messages displayed, when I enter a value in to the username field</div>
                    <div class="status-avatar float-right">
                      <i class="fa fa-paperclip"></i>
                    </div>
                </div>
              </div>
              <div class="card-body mt-3 ">
                  <div class="step pass-bg">
                    <span>Given Navigate to OrangeHRM</span>
      <div>
      </div>
                  </div>
                  <div class="step pass-bg">
                    <span>Then Enter username and password then click login button</span>
      <div>
      </div>
                  </div>
                  <div class="step pass-bg">
                    <span>And Click on the element in LeftNav</span>
      <div><table class='markup-table table '><tr><td>Admin</td></tr></table>
      </div>
      <div>
      </div>
                  </div>
                  <div class="step pass-bg">
                    <span>Then Click on the element in Dialog</span>
      <div><table class='markup-table table '><tr><td>UserManagment</td></tr><tr><td>addButton</td></tr></table>
      </div>
      <div>
      </div>
                  </div>
                  <div class="step pass-bg">
                    <span>When User sending the keys in Dialog Content</span>
      <div><table class='markup-table table '><tr><td>userNameInput</td><td>Dominic.Chase</td></tr></table>
      </div>
      <div>
      </div>
                  </div>
                  <div class="step fail-bg">
                    <span>Then Notification messages “Already exists” should be displayed.</span>
      <div>
        <textarea disabled class="code-block">org.openqa.selenium.TimeoutException: Expected condition failed: waiting for text ('Already exists') to be present in element Proxy element for: DefaultElementLocator 'By.xpath: //span[text()='Already exists']' (tried for 30 second(s) with 500 milliseconds interval)
	at org.openqa.selenium.support.ui.WebDriverWait.timeoutException(WebDriverWait.java:84)
	at org.openqa.selenium.support.ui.FluentWait.until(FluentWait.java:228)
	at pages.Parent.verifyContainsTextFunction(Parent.java:32)
	at stepDefinitions.GRP1_8_ZY_StepDefinitions.notificationMessagesAlreadyExistsShouldBeDisplayed(GRP1_8_ZY_StepDefinitions.java:60)
	at ✽.Notification messages “Already exists” should be displayed.(file:///C:/Users/cihat/IdeaProjects/OrangeHRMTest_Team1/src/test/java/featureFiles/GRP1-8-ZY.feature:14)
Caused by: org.openqa.selenium.NoSuchElementException: no such element: Unable to locate element: {"method":"xpath","selector":"//span[text()='Already exists']"}
  (Session info: chrome=125.0.6422.78)
For documentation on this error, please visit: https://www.selenium.dev/documentation/webdriver/troubleshooting/errors#no-such-element-exception
Build info: version: '4.18.1', revision: 'b1d3319b48'
System info: os.name: 'Windows 11', os.arch: 'amd64', os.version: '10.0', java.version: '21.0.2'
Driver info: org.openqa.selenium.chrome.ChromeDriver
Command: [34c3f7111954f99e7e35017ff5fd542c, findElement {value=//span[text()='Already exists'], using=xpath}]
Capabilities {acceptInsecureCerts: false, browserName: chrome, browserVersion: 125.0.6422.78, chrome: {chromedriverVersion: 125.0.6422.78 (14db42ec38ad..., userDataDir: C:\Users\cihat\AppData\Loca...}, fedcm:accounts: true, goog:chromeOptions: {debuggerAddress: localhost:57887}, networkConnectionEnabled: false, pageLoadStrategy: normal, platformName: windows, proxy: Proxy(), se:cdp: ws://localhost:57887/devtoo..., se:cdpVersion: 125.0.6422.78, setWindowRect: true, strictFileInteractability: false, timeouts: {implicit: 0, pageLoad: 300000, script: 30000}, unhandledPromptBehavior: dismiss and notify, webauthn:extension:credBlob: true, webauthn:extension:largeBlob: true, webauthn:extension:minPinLength: true, webauthn:extension:prf: true, webauthn:virtualAuthenticators: true}
Session ID: 34c3f7111954f99e7e35017ff5fd542c
	at java.base/jdk.internal.reflect.DirectConstructorHandleAccessor.newInstance(DirectConstructorHandleAccessor.java:62)
	at java.base/java.lang.reflect.Constructor.newInstanceWithCaller(Constructor.java:502)
	at java.base/java.lang.reflect.Constructor.newInstance(Constructor.java:486)
	at org.openqa.selenium.remote.ErrorCodec.decode(ErrorCodec.java:167)
	at org.openqa.selenium.remote.codec.w3c.W3CHttpResponseCodec.decode(W3CHttpResponseCodec.java:138)
	at org.openqa.selenium.remote.codec.w3c.W3CHttpResponseCodec.decode(W3CHttpResponseCodec.java:50)
	at org.openqa.selenium.remote.HttpCommandExecutor.execute(HttpCommandExecutor.java:190)
	at org.openqa.selenium.remote.service.DriverCommandExecutor.invokeExecute(DriverCommandExecutor.java:216)
	at org.openqa.selenium.remote.service.DriverCommandExecutor.execute(DriverCommandExecutor.java:174)
	at org.openqa.selenium.remote.RemoteWebDriver.execute(RemoteWebDriver.java:519)
	at org.openqa.selenium.remote.ElementLocation$ElementFinder$2.findElement(ElementLocation.java:165)
	at org.openqa.selenium.remote.ElementLocation.findElement(ElementLocation.java:59)
	at org.openqa.selenium.remote.RemoteWebDriver.findElement(RemoteWebDriver.java:356)
	at org.openqa.selenium.remote.RemoteWebDriver.findElement(RemoteWebDriver.java:350)
	at org.openqa.selenium.support.pagefactory.DefaultElementLocator.findElement(DefaultElementLocator.java:68)
	at org.openqa.selenium.support.pagefactory.internal.LocatingElementHandler.invoke(LocatingElementHandler.java:38)
	at jdk.proxy2/jdk.proxy2.$Proxy24.getText(Unknown Source)
	at org.openqa.selenium.support.ui.ExpectedConditions$12.apply(ExpectedConditions.java:343)
	at org.openqa.selenium.support.ui.ExpectedConditions$12.apply(ExpectedConditions.java:339)
	at org.openqa.selenium.support.ui.FluentWait.until(FluentWait.java:203)
	at pages.Parent.verifyContainsTextFunction(Parent.java:32)
	at stepDefinitions.GRP1_8_ZY_StepDefinitions.notificationMessagesAlreadyExistsShouldBeDisplayed(GRP1_8_ZY_StepDefinitions.java:60)
	at java.base/jdk.internal.reflect.DirectMethodHandleAccessor.invoke(DirectMethodHandleAccessor.java:103)
	at java.base/java.lang.reflect.Method.invoke(Method.java:580)
	at io.cucumber.java.Invoker.doInvoke(Invoker.java:66)
	at io.cucumber.java.Invoker.invoke(Invoker.java:24)
	at io.cucumber.java.AbstractGlueDefinition.invokeMethod(AbstractGlueDefinition.java:47)
	at io.cucumber.java.JavaStepDefinition.execute(JavaStepDefinition.java:29)
	at io.cucumber.core.runner.CoreStepDefinition.execute(CoreStepDefinition.java:66)
	at io.cucumber.core.runner.PickleStepDefinitionMatch.runStep(PickleStepDefinitionMatch.java:63)
	at io.cucumber.core.runner.ExecutionMode$1.execute(ExecutionMode.java:10)
	at io.cucumber.core.runner.TestStep.executeStep(TestStep.java:85)
	at io.cucumber.core.runner.TestStep.run(TestStep.java:57)
	at io.cucumber.core.runner.PickleStepTestStep.run(PickleStepTestStep.java:51)
	at io.cucumber.core.runner.TestCase.run(TestCase.java:84)
	at io.cucumber.core.runner.Runner.runPickle(Runner.java:75)
	at io.cucumber.testng.TestNGCucumberRunner.lambda$runScenario$1(TestNGCucumberRunner.java:132)
	at io.cucumber.core.runtime.CucumberExecutionContext.lambda$runTestCase$5(CucumberExecutionContext.java:129)
	at io.cucumber.core.runtime.RethrowingThrowableCollector.executeAndThrow(RethrowingThrowableCollector.java:23)
	at io.cucumber.core.runtime.CucumberExecutionContext.runTestCase(CucumberExecutionContext.java:129)
	at io.cucumber.testng.TestNGCucumberRunner.runScenario(TestNGCucumberRunner.java:129)
	at io.cucumber.testng.AbstractTestNGCucumberTests.runScenario(AbstractTestNGCucumberTests.java:35)
	at java.base/jdk.internal.reflect.DirectMethodHandleAccessor.invoke(DirectMethodHandleAccessor.java:103)
	at java.base/java.lang.reflect.Method.invoke(Method.java:580)
	at org.testng.internal.invokers.MethodInvocationHelper.invokeMethod(MethodInvocationHelper.java:136)
	at org.testng.internal.invokers.TestInvoker.invokeMethod(TestInvoker.java:658)
	at org.testng.internal.invokers.TestInvoker.invokeTestMethod(TestInvoker.java:219)
	at org.testng.internal.invokers.MethodRunner.runInSequence(MethodRunner.java:50)
	at org.testng.internal.invokers.TestInvoker$MethodInvocationAgent.invoke(TestInvoker.java:923)
	at org.testng.internal.invokers.TestInvoker.invokeTestMethods(TestInvoker.java:192)
	at org.testng.internal.invokers.TestMethodWorker.invokeTestMethods(TestMethodWorker.java:146)
	at org.testng.internal.invokers.TestMethodWorker.run(TestMethodWorker.java:128)
	at java.base/java.util.ArrayList.forEach(ArrayList.java:1596)
	at org.testng.TestRunner.privateRun(TestRunner.java:808)
	at org.testng.TestRunner.run(TestRunner.java:603)
	at org.testng.SuiteRunner.runTest(SuiteRunner.java:429)
	at org.testng.SuiteRunner.runSequentially(SuiteRunner.java:423)
	at org.testng.SuiteRunner.privateRun(SuiteRunner.java:383)
	at org.testng.SuiteRunner.run(SuiteRunner.java:326)
	at org.testng.SuiteRunnerWorker.runSuite(SuiteRunnerWorker.java:52)
	at org.testng.SuiteRunnerWorker.run(SuiteRunnerWorker.java:95)
	at org.testng.TestNG.runSuitesSequentially(TestNG.java:1249)
	at org.testng.TestNG.runSuitesLocally(TestNG.java:1169)
	at org.testng.TestNG.runSuites(TestNG.java:1092)
	at org.testng.TestNG.run(TestNG.java:1060)
	at com.intellij.rt.testng.IDEARemoteTestNG.run(IDEARemoteTestNG.java:65)
	at com.intellij.rt.testng.RemoteTestNGStarter.main(RemoteTestNGStarter.java:105)
</textarea>
      
      </div>
                  </div>
                  <div class="step pass-bg">
                    <span>stepDefinitions.Hooks.after(io.cucumber.java.Scenario)</span>
      <div>screen shot
          <div class="row mb-3"><div class="col-md-3">
<img data-featherlight='../screenshots/embedded2.png' src="../screenshots/embedded2.png">
    
    </div></div>
</div>
      <div>
      </div>
                  </div>
              </div>
            </div>
        </div>
  </div>
</div>
          </div>
        </li>
        <li class="test-item"  status="pass" test-id="34"
          author=""
          tag=""
          device="">
          <div class="test-detail">
            <p class="name">As an Admin Create a new User Functionality</p>
            <p class="text-sm">
              <span>2:22:54 PM</span> / <span>00:00:19:363</span>
              <span class="badge pass-bg log float-right">Pass</span>
            </p>
          </div>
          <div class="test-contents d-none">
<div class="detail-head">
<div class="p-v-10">
<div class="info">
<h5 class="test-status text-pass">As an Admin Create a new User Functionality</h5>
<span class='badge badge-success'>05.30.2024 2:22:54 PM</span>
<span class='badge badge-danger'>05.30.2024 2:23:13 PM</span>
<span class='badge badge-default'>00:00:19:363</span>
&middot; <span class='uri-anchor badge badge-default'>#test-id=34</span>
<span class='badge badge-default pointer float-right ml-1 et'><i class="fa fa-chevron-down"></i></span>
<span class='badge badge-default pointer float-right ct'><i class="fa fa-chevron-up"></i></span>
</div>
<div class="m-t-10 m-l-5"></div>
</div>
</div>
<div class="accordion mt-4">
  <div class="card">
    <div class="card-header" role="tab">
      <div class="card-title">
        <div class="node" id="35"><span class="badge log pass-bg mr-2">Pass</span>As an Admin Create a new ESS User</div>
      </div>
    </div>
        <div class="collapse">
          <div class="card-body">
              <div class="step pass-bg" title="stepDefinitions.GRP1_2_CD_StepDefinitions.navigateToTheWebsite()">
                <span>Given Navigate to the Website</span>
      <div>
      </div>
              </div>
              <div class="step pass-bg" title="stepDefinitions.GRP1_2_CD_StepDefinitions.loginAsAnAdmin()">
                <span>And Login as an Admin</span>
      <div>
      </div>
              </div>
              <div class="step pass-bg" title="stepDefinitions.GRP1_2_CD_StepDefinitions.clickOnAdminLink()">
                <span>And Click on Admin link</span>
      <div>
      </div>
              </div>
              <div class="step pass-bg" title="stepDefinitions.GRP1_2_CD_StepDefinitions.clickOnAddTheButton()">
                <span>And Click on add the button</span>
      <div>
      </div>
              </div>
              <div class="step pass-bg" title="stepDefinitions.GRP1_2_CD_StepDefinitions.createAnESSUser()">
                <span>And Create an ESS User</span>
      <div>
      </div>
              </div>
              <div class="step pass-bg" title="stepDefinitions.GRP1_2_CD_StepDefinitions.essUserShouldSuccessfullyAddedToTheList()">
                <span>Then ESS User should successfully added to the list</span>
      <div>
      </div>
              </div>
          </div>
        </div>
  </div>
</div>
          </div>
        </li>
        <li class="test-item"  status="pass" test-id="43"
          author=""
          tag=""
          device="">
          <div class="test-detail">
            <p class="name">New user create</p>
            <p class="text-sm">
              <span>2:23:13 PM</span> / <span>00:00:20:001</span>
              <span class="badge pass-bg log float-right">Pass</span>
            </p>
          </div>
          <div class="test-contents d-none">
<div class="detail-head">
<div class="p-v-10">
<div class="info">
<h5 class="test-status text-pass">New user create</h5>
<span class='badge badge-success'>05.30.2024 2:23:13 PM</span>
<span class='badge badge-danger'>05.30.2024 2:23:33 PM</span>
<span class='badge badge-default'>00:00:20:001</span>
&middot; <span class='uri-anchor badge badge-default'>#test-id=43</span>
<span class='badge badge-default pointer float-right ml-1 et'><i class="fa fa-chevron-down"></i></span>
<span class='badge badge-default pointer float-right ct'><i class="fa fa-chevron-up"></i></span>
</div>
<div class="m-t-10 m-l-5"></div>
</div>
</div>
<div class="accordion mt-4">
  <div class="card">
    <div class="card-header" role="tab">
      <div class="card-title">
        <div class="node" id="44"><span class="badge log pass-bg mr-2">Pass</span>Create a new user by mandatory fields</div>
      </div>
    </div>
        <div class="collapse">
          <div class="card-body">
              <div class="step pass-bg" title="stepDefinitions.GRP1_3_AG_StepDefinitions.navigateToOrangeHRMWebsite()">
                <span>Given Navigate to OrangeHRM website</span>
      <div>
      </div>
              </div>
              <div class="step pass-bg" title="stepDefinitions.GRP1_3_AG_StepDefinitions.enterUsernameAndPasswordAndClickLogin()">
                <span>When Enter username and password and click login</span>
      <div>
      </div>
              </div>
              <div class="step pass-bg" title="stepDefinitions.GRP1_3_AG_StepDefinitions.clickToAdminButtonAndClickToAddButton()">
                <span>And Click to Admin Button and click to Add Button</span>
      <div>
      </div>
              </div>
              <div class="step pass-bg" title="stepDefinitions.GRP1_3_AG_StepDefinitions.enterOnlyMandatoryFieldsAndClickSaveButton()">
                <span>And Enter only mandatory fields and click save button</span>
      <div>
      </div>
              </div>
              <div class="step pass-bg" title="stepDefinitions.GRP1_3_AG_StepDefinitions.userShouldAddSuccessfully()">
                <span>Then User should add successfully</span>
      <div>
      </div>
              </div>
          </div>
        </div>
  </div>
</div>
          </div>
        </li>
        <li class="test-item"  status="pass" test-id="51"
          author=""
          tag=""
          device="">
          <div class="test-detail">
            <p class="name">The registry attempt without entering inputs to the mandatory fields</p>
            <p class="text-sm">
              <span>2:23:33 PM</span> / <span>00:00:13:128</span>
              <span class="badge pass-bg log float-right">Pass</span>
            </p>
          </div>
          <div class="test-contents d-none">
<div class="detail-head">
<div class="p-v-10">
<div class="info">
<h5 class="test-status text-pass">The registry attempt without entering inputs to the mandatory fields</h5>
<span class='badge badge-success'>05.30.2024 2:23:33 PM</span>
<span class='badge badge-danger'>05.30.2024 2:23:46 PM</span>
<span class='badge badge-default'>00:00:13:128</span>
&middot; <span class='uri-anchor badge badge-default'>#test-id=51</span>
<span class='badge badge-default pointer float-right ml-1 et'><i class="fa fa-chevron-down"></i></span>
<span class='badge badge-default pointer float-right ct'><i class="fa fa-chevron-up"></i></span>
</div>
<div class="m-t-10 m-l-5"></div>
</div>
</div>
<div class="accordion mt-4">
  <div class="card">
    <div class="card-header" role="tab">
      <div class="card-title">
        <div class="node" id="52"><span class="badge log pass-bg mr-2">Pass</span>The registry attempt of users without relevant inputs</div>
      </div>
    </div>
        <div class="collapse">
          <div class="card-body">
              <div class="step pass-bg" title="stepDefinitions.GRP1_4_ASY_StepDefinitions.goToMainpageOfTheTestObject()">
                <span>Given Go to  mainpage of the test object</span>
      <div>
      </div>
              </div>
              <div class="step pass-bg" title="stepDefinitions.GRP1_4_ASY_StepDefinitions.writeYourAdminUsernameAndPasswordRespectively()">
                <span>When Write your admin username and password respectively</span>
      <div>
      </div>
              </div>
              <div class="step pass-bg" title="stepDefinitions.GRP1_4_ASY_StepDefinitions.clickOnAdminUserManagementPageOnTheWebsite()">
                <span>Then Click on Admin, user management page on the website</span>
      <div>
      </div>
              </div>
              <div class="step pass-bg" title="stepDefinitions.GRP1_4_ASY_StepDefinitions.pressOnAddButtonToClick()">
                <span>And Press on add button to click</span>
      <div>
      </div>
              </div>
              <div class="step pass-bg" title="stepDefinitions.GRP1_4_ASY_StepDefinitions.clickOnSaveButtonWithoutFillingUpAnyMandatoryField()">
                <span>And Click on saveButton without filling up any mandatory field</span>
      <div>
      </div>
              </div>
              <div class="step pass-bg" title="stepDefinitions.GRP1_4_ASY_StepDefinitions.theErrorMessageShallBeVisibleUnderEachOfMandatoryField()">
                <span>Then The error message shall be visible under each of mandatory field</span>
      <div>
      </div>
              </div>
          </div>
        </div>
  </div>
</div>
          </div>
        </li>
        <li class="test-item"  status="pass" test-id="60"
          author=""
          tag=""
          device="">
          <div class="test-detail">
            <p class="name">Mandatory Fields Functionality</p>
            <p class="text-sm">
              <span>2:23:46 PM</span> / <span>00:00:12:455</span>
              <span class="badge pass-bg log float-right">Pass</span>
            </p>
          </div>
          <div class="test-contents d-none">
<div class="detail-head">
<div class="p-v-10">
<div class="info">
<h5 class="test-status text-pass">Mandatory Fields Functionality</h5>
<span class='badge badge-success'>05.30.2024 2:23:46 PM</span>
<span class='badge badge-danger'>05.30.2024 2:23:59 PM</span>
<span class='badge badge-default'>00:00:12:455</span>
&middot; <span class='uri-anchor badge badge-default'>#test-id=60</span>
<span class='badge badge-default pointer float-right ml-1 et'><i class="fa fa-chevron-down"></i></span>
<span class='badge badge-default pointer float-right ct'><i class="fa fa-chevron-up"></i></span>
</div>
<div class="m-t-10 m-l-5"></div>
</div>
</div>
<div class="accordion mt-4">
  <div class="card">
    <div class="card-header" role="tab">
      <div class="card-title">
        <div class="node" id="61"><span class="badge log pass-bg mr-2">Pass</span>Saving mandatory fields without filling them in</div>
      </div>
    </div>
        <div class="collapse">
          <div class="card-body">
              <div class="step pass-bg" title="stepDefinitions.GRP1_5_12_HG_StepDefinitions.navigateToOrangeHRM()">
                <span>Given Navigate to OrangeHRM</span>
      <div>
      </div>
              </div>
              <div class="step pass-bg" title="stepDefinitions.GRP1_5_12_HG_StepDefinitions.enterUsernameAndPasswordAndClickLoginButton()">
                <span>When Enter username and password and click login button</span>
      <div>
      </div>
              </div>
              <div class="step pass-bg" title="stepDefinitions.GRP1_5_12_HG_StepDefinitions.clickToAdminAndClickToAddButton()">
                <span>And Click to admin and click to add button</span>
      <div>
      </div>
              </div>
              <div class="step pass-bg" title="stepDefinitions.GRP1_5_12_HG_StepDefinitions.clickSaveButton()">
                <span>And Click save button</span>
      <div>
      </div>
              </div>
              <div class="step pass-bg" title="stepDefinitions.GRP1_5_12_HG_StepDefinitions.notificationMessagesShouldBeDisplayedRedColor()">
                <span>Then Notification messages should be displayed red color</span>
      <div>
      </div>
              </div>
          </div>
        </div>
  </div>
</div>
          </div>
        </li>
        <li class="test-item"  status="pass" test-id="68"
          author=""
          tag=""
          device="">
          <div class="test-detail">
            <p class="name">Testing OrangeHRM</p>
            <p class="text-sm">
              <span>2:23:59 PM</span> / <span>00:00:14:603</span>
              <span class="badge pass-bg log float-right">Pass</span>
            </p>
          </div>
          <div class="test-contents d-none">
<div class="detail-head">
<div class="p-v-10">
<div class="info">
<h5 class="test-status text-pass">Testing OrangeHRM</h5>
<span class='badge badge-success'>05.30.2024 2:23:59 PM</span>
<span class='badge badge-danger'>05.30.2024 2:24:13 PM</span>
<span class='badge badge-default'>00:00:14:603</span>
&middot; <span class='uri-anchor badge badge-default'>#test-id=68</span>
<span class='badge badge-default pointer float-right ml-1 et'><i class="fa fa-chevron-down"></i></span>
<span class='badge badge-default pointer float-right ct'><i class="fa fa-chevron-up"></i></span>
</div>
<div class="m-t-10 m-l-5"></div>
</div>
</div>
<div class="accordion mt-4">
  <div class="card">
    <div class="card-header" role="tab">
      <div class="card-title">
        <div class="node" id="69"><span class="badge log pass-bg mr-2">Pass</span>Verify Invalid Username</div>
      </div>
    </div>
        <div class="collapse">
          <div class="card-body">
              <div class="step pass-bg" title="stepDefinitions.GRP1_6_TA_StepDefinitions.navigateToSite()">
                <span>Given Navigate to site</span>
      <div>
      </div>
              </div>
              <div class="step pass-bg" title="stepDefinitions.GRP1_6_TA_StepDefinitions.loginAsAdmin()">
                <span>Then Login as Admin</span>
      <div>
      </div>
              </div>
              <div class="step pass-bg" title="stepDefinitions.GRP1_6_TA_StepDefinitions.navigateToAdminPage()">
                <span>And Navigate to Admin page</span>
      <div>
      </div>
              </div>
              <div class="step pass-bg" title="stepDefinitions.GRP1_6_TA_StepDefinitions.clickAddButton()">
                <span>And Click Add button</span>
      <div>
      </div>
              </div>
              <div class="step pass-bg" title="stepDefinitions.GRP1_6_TA_StepDefinitions.enterAnInvalidNameInToTheEmployeeNameField()">
                <span>And Enter an Invalid name in to the Employee name field</span>
      <div>
      </div>
              </div>
              <div class="step pass-bg" title="stepDefinitions.GRP1_6_TA_StepDefinitions.verifyThatNotificationMessagesNoRecordsFoundAndInvalidInRedColorDisplayed()">
                <span>Then Verify that notification messages “no records found” and “invalid” in red color displayed.</span>
      <div>
      </div>
              </div>
          </div>
        </div>
  </div>
</div>
          </div>
        </li>
        <li class="test-item"  status="pass" test-id="94"
          author=""
          tag=""
          device="">
          <div class="test-detail">
            <p class="name">Verifying the presence of add button after clicking admin user management page</p>
            <p class="text-sm">
              <span>2:25:10 PM</span> / <span>00:00:11:702</span>
              <span class="badge pass-bg log float-right">Pass</span>
            </p>
          </div>
          <div class="test-contents d-none">
<div class="detail-head">
<div class="p-v-10">
<div class="info">
<h5 class="test-status text-pass">Verifying the presence of add button after clicking admin user management page</h5>
<span class='badge badge-success'>05.30.2024 2:25:10 PM</span>
<span class='badge badge-danger'>05.30.2024 2:25:22 PM</span>
<span class='badge badge-default'>00:00:11:702</span>
&middot; <span class='uri-anchor badge badge-default'>#test-id=94</span>
<span class='badge badge-default pointer float-right ml-1 et'><i class="fa fa-chevron-down"></i></span>
<span class='badge badge-default pointer float-right ct'><i class="fa fa-chevron-up"></i></span>
</div>
<div class="m-t-10 m-l-5"></div>
</div>
</div>
<div class="accordion mt-4">
  <div class="card">
    <div class="card-header" role="tab">
      <div class="card-title">
        <div class="node" id="95"><span class="badge log pass-bg mr-2">Pass</span>The visibility of addButton to the admin user</div>
      </div>
    </div>
        <div class="collapse">
          <div class="card-body">
              <div class="step pass-bg" title="stepDefinitions.GRP1_4_ASY_StepDefinitions.goToMainpageOfTheTestObject()">
                <span>Given Go to  mainpage of the test object</span>
      <div>
      </div>
              </div>
              <div class="step pass-bg" title="stepDefinitions.GRP1_4_ASY_StepDefinitions.writeYourAdminUsernameAndPasswordRespectively()">
                <span>When Write your admin username and password respectively</span>
      <div>
      </div>
              </div>
              <div class="step pass-bg" title="stepDefinitions.GRP1_4_ASY_StepDefinitions.clickOnAdminUserManagementPageOnTheWebsite()">
                <span>And Click on Admin, user management page on the website</span>
      <div>
      </div>
              </div>
              <div class="step pass-bg" title="stepDefinitions.GRP1_9_ASY_StepDefinitions.verifyTheVisibilityOfAddButtonOnTheCurrentPage()">
                <span>Then Verify the visibility of addButton on the current page</span>
      <div>
      </div>
              </div>
          </div>
        </div>
  </div>
</div>
          </div>
        </li>
      </ul>
    </div>
  </div>
<div class="test-content scrollable">
<div class="test-content-tools">
<ul><li><a class="back-to-test" href="#"><i class="fa fa-arrow-left"></i></a></li></ul>
</div>
<div class="test-content-detail"><div class="detail-body"></div></div>
</div></div>
<div class="test-wrapper row view exception-view attributes-view">
<div class="test-list">
<div class="test-list-tools">
<ul class="tools pull-left"><li><a href=""><span class="font-size-14">Exception</span></a></li></ul>
<ul class="tools text-right"><li><a href="#"><span class="badge badge-primary">1</span></a></li></ul>
</div>
<div class="test-list-wrapper scrollable">
<ul class="test-list-item">
<li class="test-item">
<div class="test-detail">
<span class="meta">
<span class='badge log badge-danger'>2</span>
</span>
<p class="name">org.openqa.selenium.TimeoutException</p>
<p class="duration text-sm">2 tests</p>
</div>
<div class="test-contents d-none">
<div class="info">
<h4>org.openqa.selenium.TimeoutException</h4>
<span status="fail" class='badge log badge-danger'>2 failed</span>
</div>
<table class='table table-sm mt-4'>
<thead>
<tr>
<th class="status-col">Status</th>
<th class="timestamp-col">Timestamp</th>
<th>TestName</th>
</tr>
</thead>
<tbody>
<tr class="tag-test-status" status="fail">
<td><span class="badge log fail-bg">Fail</span></td>
<td>14:22:18 PM</td>
<td>
<a href="#" class="linked" test-id='24' id='32'>Then Notification messages “... password must contain a lower-case letter ... ” should be displayed.</a>
<div class="">
<span class="badge badge-default">Login Functionality.As an Admin user I should be able to see notification messages displayed, when I enter a value in to the Password field.Then Notification messages “... password must contain a lower-case letter ... ” should be displayed.</span>
</div>
</td>
</tr>
<tr class="tag-test-status" status="fail">
<td><span class="badge log fail-bg">Fail</span></td>
<td>14:24:35 PM</td>
<td>
<a href="#" class="linked" test-id='24' id='92'>Then Notification messages “Already exists” should be displayed.</a>
<div class="">
<span class="badge badge-default">Login Functionality.As an Admin user I should be able to see notification messages displayed, when I enter a value in to the username field.Then Notification messages “Already exists” should be displayed.</span>
</div>
</td>
</tr>
</tbody>
</table>
</div>
</li>
</ul>
</div>
</div>
<div class="test-content scrollable">
<div class="test-content-detail">
<div class="detail-body"></div>
</div>
</div>
</div><div class="container-fluid p-4 view dashboard-view">
<div class="row">
<div class="col-md-3">
<div class="card"><div class="card-body">
<p class="m-b-0">Started</p>
<h3>May 30, 2024 02:21:29 PM</h3>
</div></div>
</div>
<div class="col-md-3">
<div class="card"><div class="card-body">
<p class="m-b-0">Ended</p>
<h3>May 30, 2024 02:25:22 PM</h3>
</div></div>
</div>
<div class="col-md-3">
<div class="card"><div class="card-body">
<p class="m-b-0 text-pass">Features Passed</p>
<h3>9</h3>
</div></div>
</div>
<div class="col-md-3">
<div class="card"><div class="card-body">
<p class="m-b-0 text-fail">Features Failed</p>
<h3>1</h3>
</div></div>
</div>
</div>
<div class="row">
<div class="col-md-4">
<div class="card">
<div class="card-header">
<h6 class="card-title">Features</h6>
</div>
<div class="card-body">
<div class="">
<canvas id='parent-analysis' width='115' height='90'></canvas>
</div>
</div>
<div class="card-footer">
<div><small data-tooltip='90%'>
<b>9</b> features passed
</small>
</div>
<div>
<small data-tooltip='10%'><b>1</b> features failed,
<b>0</b> skipped, <b data-tooltip='0%'>0</b> others
</small>
</div>
</div>
</div>
</div>
<div class="col-md-4">
<div class="card">
<div class="card-header">
<h6 class="card-title">Scenarios</h6>
</div>
<div class="card-body">
<div class="">
<canvas id='child-analysis' width='115' height='90'></canvas>
</div>
</div>
<div class="card-footer">
<div><small data-tooltip='83%'><b>10</b> scenarios passed</small></div>
<div>
<small data-tooltip='16%'><b>2</b> scenarios failed,
<b>0</b> skipped, <b data-tooltip='%'>0</b> others
</small>
</div>
</div>
</div>
</div>
<div class="col-md-4">
<div class="card">
<div class="card-header">
<h6 class="card-title">Steps</h6>
</div>
<div class="card-body">
<div class="">
<canvas id='grandchild-analysis' width='115' height='90'></canvas>
</div>
</div>
<div class="card-footer">
<div><small data-tooltip='96%'><b>64</b> steps passed</small></div>
<div>
<small data-tooltip='3%'><b>2</b> steps failed,
<b>0</b> skipped, <b data-tooltip='%'>0</b> others
</small>
</div>
</div>
</div>
</div>
</div>
<div class="row"><div class="col-md-12">
<div class="card"><div class="card-header"><p>Timeline</p></div>
<div class="card-body pt-0"><div>
<canvas id="timeline" height="120"></canvas>
</div></div>
</div>
</div></div>
<script>
var timeline = {
"Elements are Displayed":13.368,"Testing Orange HRM":163.77,"Password Functionality":14.455,"Login Functionality":179.285,"As an Admin Create a new User Functionality":19.363,"New user create":20.001,"The registry attempt without entering inputs to the mandatory fields":13.128,"Mandatory Fields Functionality":12.455,"Testing OrangeHRM":14.603,"Verifying the presence of add button after clicking admin user management page":11.702
};
</script>
<div class="row">
</div>
</div>
<script>
var statusGroup = {
parentCount: 5,
passParent: 9,
failParent: 1,
warningParent: 0,
skipParent: 0,
childCount: 5,
passChild: 10,
failChild: 2,
warningChild: 0,
skipChild: 0,
infoChild: 0,
grandChildCount: 5,
passGrandChild: 64,
failGrandChild: 2,
warningGrandChild: 0,
skipGrandChild: 0,
infoGrandChild: 0,
eventsCount: 5,
};
</script>        </div>
      </div>
    </div>
  </div>
<script src="https://cdn.jsdelivr.net/gh/extent-framework/extent-github-cdn@d6562a79075e061305ccfdb82f01e5e195e2d307/spark/js/spark-script.js"></script>
<script type="text/javascript"></script></body>
</html>